<?xml version="1.0" encoding="UTF-8"?>
<!-- Generated by org.testng.reporters.JUnitReportReporter -->
<testsuite hostname="admi-PC" name="TestClass" tests="1" failures="0" timestamp="27 Jan 2021 07:41:04 GMT" time="37.628" errors="0">
  <testcase name="openBrowser" time="37.628" classname="TestClass"/>
</testsuite> <!-- TestClass -->
